C:\USERS\PSYCHOJOKERHEAD\DESKTOP\GRAPHICS\GAME\BLOCK_SMASHER\BLOCK_SMASHER\DEBUG\BALL.OBJ
C:\USERS\PSYCHOJOKERHEAD\DESKTOP\GRAPHICS\GAME\BLOCK_SMASHER\BLOCK_SMASHER\DEBUG\BLOCK_SMASHER.EXE.INTERMEDIATE.MANIFEST
C:\Users\psychoJokerHead\Desktop\Graphics\Game\block_smasher\block_smasher\Debug\cl.command.1.tlog
C:\Users\psychoJokerHead\Desktop\Graphics\Game\block_smasher\block_smasher\Debug\CL.read.1.tlog
C:\Users\psychoJokerHead\Desktop\Graphics\Game\block_smasher\block_smasher\Debug\CL.write.1.tlog
C:\USERS\PSYCHOJOKERHEAD\DESKTOP\GRAPHICS\GAME\BLOCK_SMASHER\BLOCK_SMASHER\DEBUG\GAMEBOUNDARY.OBJ
C:\USERS\PSYCHOJOKERHEAD\DESKTOP\GRAPHICS\GAME\BLOCK_SMASHER\BLOCK_SMASHER\DEBUG\GAMEWORLD.OBJ
C:\Users\psychoJokerHead\Desktop\Graphics\Game\block_smasher\block_smasher\Debug\link.command.1.tlog
C:\Users\psychoJokerHead\Desktop\Graphics\Game\block_smasher\block_smasher\Debug\link.read.1.tlog
C:\Users\psychoJokerHead\Desktop\Graphics\Game\block_smasher\block_smasher\Debug\link.write.1.tlog
C:\USERS\PSYCHOJOKERHEAD\DESKTOP\GRAPHICS\GAME\BLOCK_SMASHER\BLOCK_SMASHER\DEBUG\MAIN.OBJ
C:\Users\psychoJokerHead\Desktop\Graphics\Game\block_smasher\block_smasher\Debug\mt.command.1.tlog
C:\Users\psychoJokerHead\Desktop\Graphics\Game\block_smasher\block_smasher\Debug\mt.read.1.tlog
C:\Users\psychoJokerHead\Desktop\Graphics\Game\block_smasher\block_smasher\Debug\mt.write.1.tlog
C:\USERS\PSYCHOJOKERHEAD\DESKTOP\GRAPHICS\GAME\BLOCK_SMASHER\BLOCK_SMASHER\DEBUG\PADDLE.OBJ
C:\Users\psychoJokerHead\Desktop\Graphics\Game\block_smasher\block_smasher\Debug\vc100.idb
C:\USERS\PSYCHOJOKERHEAD\DESKTOP\GRAPHICS\GAME\BLOCK_SMASHER\BLOCK_SMASHER\DEBUG\VC100.PDB
C:\USERS\PSYCHOJOKERHEAD\DESKTOP\GRAPHICS\GAME\BLOCK_SMASHER\DEBUG\BLOCK_SMASHER.EXE
C:\USERS\PSYCHOJOKERHEAD\DESKTOP\GRAPHICS\GAME\BLOCK_SMASHER\DEBUG\BLOCK_SMASHER.ILK
C:\USERS\PSYCHOJOKERHEAD\DESKTOP\GRAPHICS\GAME\BLOCK_SMASHER\DEBUG\BLOCK_SMASHER.PDB
